<?xml version="1.0" encoding="UTF-8"?>
<!-- Generated by org.testng.reporters.JUnitReportReporter -->
<testsuite skipped="0" hostname="anandakumar" name="runnerpackage.ParallelExecutionTestNgScenarioLevel" tests="3" failures="0" timestamp="27 Jan 2021 03:23:29 GMT" time="0.727" errors="0">
  <testcase name="runScenario" time="0.061" classname="runnerpackage.ParallelExecutionTestNgScenarioLevel"/>
  <testcase name="runScenario" time="0.621" classname="runnerpackage.ParallelExecutionTestNgScenarioLevel"/>
  <testcase name="runScenario" time="0.045" classname="runnerpackage.ParallelExecutionTestNgScenarioLevel"/>
</testsuite> <!-- runnerpackage.ParallelExecutionTestNgScenarioLevel -->
