<?xml version="1.0" encoding="UTF-8"?>
<!-- Generated by org.testng.reporters.JUnitReportReporter -->
<testsuite skipped="0" hostname="anandakumar" name="runnerpackage.JunitRunner" tests="2" failures="0" timestamp="19 Jan 2021 23:53:27 GMT" time="462.829" errors="0">
  <testcase name="runScenario" time="292.935" classname="runnerpackage.JunitRunner"/>
  <testcase name="runScenario" time="169.894" classname="runnerpackage.JunitRunner"/>
</testsuite> <!-- runnerpackage.JunitRunner -->
